Loading required package: igraph
Loading required package: methods

Attaching package: ‘igraph’

The following objects are masked from ‘package:stats’:

    decompose, spectrum

The following object is masked from ‘package:base’:

    union


Attaching package: ‘ggm’

The following object is masked from ‘package:igraph’:

    pa

Loading required package: sparsebnUtils

Attaching package: ‘sparsebnUtils’

The following object is masked from ‘package:MASS’:

    select

Loading required package: ccdrAlgorithm
Loading required package: discretecdAlgorithm

sparsebn v0.0.5, Copyright (c) 2016-2017
	Bryon Aragam, University of California, Los Angeles
	Jiaying Gu, University of California, Los Angeles
	Dacheng Zhang, University of California, Los Angeles
	Qing Zhou, University of California, Los Angeles
	Fei Fu

Please cite our work! Type citation("sparsebn") for details.
---> Bugs? Please report any bugs at https://github.com/itsrainingdata/sparsebn/issues.

Loading required package: lattice
Loading required package: ggplot2
Error in library(partitionDAG) : 
  there is no package called ‘partitionDAG’
Execution halted
